# JRE version: Java(TM) SE Runtime Environment (8.0_101-b13) (build 1.8.0_101-b13)
# Java VM: Java HotSpot(TM) 64-Bit Server VM (25.101-b13 mixed mode linux-amd64 compressed oops)
Heap:
 PSYoungGen      total 149504K, used 28504K [0x00000000f5580000, 0x0000000100000000, 0x0000000100000000)
  eden space 129536K, 9% used [0x00000000f5580000,0x00000000f61ef6b0,0x00000000fd400000)
  from space 19968K, 78% used [0x00000000fec80000,0x00000000ffbe6a50,0x0000000100000000)
  to   space 22528K, 0% used [0x00000000fd400000,0x00000000fd400000,0x00000000fea00000)
 ParOldGen       total 115712K, used 32561K [0x00000000e0000000, 0x00000000e7100000, 0x00000000f5580000)
  object space 115712K, 28% used [0x00000000e0000000,0x00000000e1fcc680,0x00000000e7100000)
 Metaspace       used 48005K, capacity 48487K, committed 48808K, reserved 1091584K
  class space    used 6153K, capacity 6276K, committed 6312K, reserved 1048576K
GC Heap History (10 events):
Event: 7.034 GC heap before
{Heap before GC invocations=8 (full 2):
 PSYoungGen      total 151552K, used 16890K [0x00000000f5580000, 0x0000000100000000, 0x0000000100000000)
  eden space 134656K, 0% used [0x00000000f5580000,0x00000000f5580000,0x00000000fd900000)
  from space 16896K, 99% used [0x00000000fef80000,0x00000000ffffeb50,0x0000000100000000)
  to   space 19968K, 0% used [0x00000000fd900000,0x00000000fd900000,0x00000000fec80000)
 ParOldGen       total 75776K, used 11026K [0x00000000e0000000, 0x00000000e4a00000, 0x00000000f5580000)
  object space 75776K, 14% used [0x00000000e0000000,0x00000000e0ac48d8,0x00000000e4a00000)
 Metaspace       used 35083K, capacity 35395K, committed 35496K, reserved 1079296K
  class space    used 4634K, capacity 4744K, committed 4776K, reserved 1048576K
Event: 7.073 GC heap after
Heap after GC invocations=8 (full 2):
 PSYoungGen      total 151552K, used 0K [0x00000000f5580000, 0x0000000100000000, 0x0000000100000000)
  eden space 134656K, 0% used [0x00000000f5580000,0x00000000f5580000,0x00000000fd900000)
  from space 16896K, 0% used [0x00000000fef80000,0x00000000fef80000,0x0000000100000000)
  to   space 19968K, 0% used [0x00000000fd900000,0x00000000fd900000,0x00000000fec80000)
 ParOldGen       total 115712K, used 22661K [0x00000000e0000000, 0x00000000e7100000, 0x00000000f5580000)
  object space 115712K, 19% used [0x00000000e0000000,0x00000000e16217c8,0x00000000e7100000)
 Metaspace       used 35083K, capacity 35395K, committed 35496K, reserved 1079296K
  class space    used 4634K, capacity 4744K, committed 4776K, reserved 1048576K
}
Event: 7.302 GC heap before
{Heap before GC invocations=9 (full 2):
 PSYoungGen      total 151552K, used 134656K [0x00000000f5580000, 0x0000000100000000, 0x0000000100000000)
  eden space 134656K, 100% used [0x00000000f5580000,0x00000000fd900000,0x00000000fd900000)
  from space 16896K, 0% used [0x00000000fef80000,0x00000000fef80000,0x0000000100000000)
  to   space 19968K, 0% used [0x00000000fd900000,0x00000000fd900000,0x00000000fec80000)
 ParOldGen       total 115712K, used 22661K [0x00000000e0000000, 0x00000000e7100000, 0x00000000f5580000)
  object space 115712K, 19% used [0x00000000e0000000,0x00000000e16217c8,0x00000000e7100000)
 Metaspace       used 36005K, capacity 36385K, committed 36648K, reserved 1081344K
  class space    used 4721K, capacity 4813K, committed 4904K, reserved 1048576K
Event: 7.305 GC heap after
Heap after GC invocations=9 (full 2):
 PSYoungGen      total 154624K, used 7037K [0x00000000f5580000, 0x0000000100000000, 0x0000000100000000)
  eden space 134656K, 0% used [0x00000000f5580000,0x00000000f5580000,0x00000000fd900000)
  from space 19968K, 35% used [0x00000000fd900000,0x00000000fdfdf4e8,0x00000000fec80000)
  to   space 19456K, 0% used [0x00000000fed00000,0x00000000fed00000,0x0000000100000000)
 ParOldGen       total 115712K, used 22669K [0x00000000e0000000, 0x00000000e7100000, 0x00000000f5580000)
  object space 115712K, 19% used [0x00000000e0000000,0x00000000e16237c8,0x00000000e7100000)
 Metaspace       used 36005K, capacity 36385K, committed 36648K, reserved 1081344K
  class space    used 4721K, capacity 4813K, committed 4904K, reserved 1048576K
}
Event: 7.595 GC heap before
{Heap before GC invocations=10 (full 2):
 PSYoungGen      total 154624K, used 141693K [0x00000000f5580000, 0x0000000100000000, 0x0000000100000000)
  eden space 134656K, 100% used [0x00000000f5580000,0x00000000fd900000,0x00000000fd900000)
  from space 19968K, 35% used [0x00000000fd900000,0x00000000fdfdf4e8,0x00000000fec80000)
  to   space 19456K, 0% used [0x00000000fed00000,0x00000000fed00000,0x0000000100000000)
 ParOldGen       total 115712K, used 22669K [0x00000000e0000000, 0x00000000e7100000, 0x00000000f5580000)
  object space 115712K, 19% used [0x00000000e0000000,0x00000000e16237c8,0x00000000e7100000)
 Metaspace       used 38912K, capacity 39335K, committed 39720K, reserved 1083392K
  class space    used 5018K, capacity 5134K, committed 5160K, reserved 1048576K
Event: 7.600 GC heap after
Heap after GC invocations=10 (full 2):
 PSYoungGen      total 154112K, used 12267K [0x00000000f5580000, 0x00000000fff80000, 0x0000000100000000)
  eden space 135168K, 0% used [0x00000000f5580000,0x00000000f5580000,0x00000000fd980000)
  from space 18944K, 64% used [0x00000000fed00000,0x00000000ff8faf20,0x00000000fff80000)
  to   space 19456K, 0% used [0x00000000fd980000,0x00000000fd980000,0x00000000fec80000)
 ParOldGen       total 115712K, used 22677K [0x00000000e0000000, 0x00000000e7100000, 0x00000000f5580000)
  object space 115712K, 19% used [0x00000000e0000000,0x00000000e16257c8,0x00000000e7100000)
 Metaspace       used 38912K, capacity 39335K, committed 39720K, reserved 1083392K
  class space    used 5018K, capacity 5134K, committed 5160K, reserved 1048576K
}
Event: 8.161 GC heap before
{Heap before GC invocations=11 (full 2):
 PSYoungGen      total 154112K, used 147435K [0x00000000f5580000, 0x00000000fff80000, 0x0000000100000000)
  eden space 135168K, 100% used [0x00000000f5580000,0x00000000fd980000,0x00000000fd980000)
  from space 18944K, 64% used [0x00000000fed00000,0x00000000ff8faf20,0x00000000fff80000)
  to   space 19456K, 0% used [0x00000000fd980000,0x00000000fd980000,0x00000000fec80000)
 ParOldGen       total 115712K, used 22677K [0x00000000e0000000, 0x00000000e7100000, 0x00000000f5580000)
  object space 115712K, 19% used [0x00000000e0000000,0x00000000e16257c8,0x00000000e7100000)
 Metaspace       used 42597K, capacity 43009K, committed 43432K, reserved 1087488K
  class space    used 5427K, capacity 5543K, committed 5544K, reserved 1048576K
Event: 8.170 GC heap after
Heap after GC invocations=11 (full 2):
 PSYoungGen      total 154624K, used 19433K [0x00000000f5580000, 0x0000000100000000, 0x0000000100000000)
  eden space 135168K, 0% used [0x00000000f5580000,0x00000000f5580000,0x00000000fd980000)
  from space 19456K, 99% used [0x00000000fd980000,0x00000000fec7a718,0x00000000fec80000)
  to   space 19968K, 0% used [0x00000000fec80000,0x00000000fec80000,0x0000000100000000)
 ParOldGen       total 115712K, used 22739K [0x00000000e0000000, 0x00000000e7100000, 0x00000000f5580000)
  object space 115712K, 19% used [0x00000000e0000000,0x00000000e1634d80,0x00000000e7100000)
 Metaspace       used 42597K, capacity 43009K, committed 43432K, reserved 1087488K
  class space    used 5427K, capacity 5543K, committed 5544K, reserved 1048576K
}
Event: 14.738 GC heap before
{Heap before GC invocations=12 (full 2):
 PSYoungGen      total 154624K, used 154601K [0x00000000f5580000, 0x0000000100000000, 0x0000000100000000)
  eden space 135168K, 100% used [0x00000000f5580000,0x00000000fd980000,0x00000000fd980000)
  from space 19456K, 99% used [0x00000000fd980000,0x00000000fec7a718,0x00000000fec80000)
  to   space 19968K, 0% used [0x00000000fec80000,0x00000000fec80000,0x0000000100000000)
 ParOldGen       total 115712K, used 22739K [0x00000000e0000000, 0x00000000e7100000, 0x00000000f5580000)
  object space 115712K, 19% used [0x00000000e0000000,0x00000000e1634d80,0x00000000e7100000)
 Metaspace       used 47724K, capacity 48119K, committed 48552K, reserved 1091584K
  class space    used 6119K, capacity 6220K, committed 6312K, reserved 1048576K
Event: 14.750 GC heap after
Heap after GC invocations=12 (full 2):
 PSYoungGen      total 149504K, used 15770K [0x00000000f5580000, 0x0000000100000000, 0x0000000100000000)
  eden space 129536K, 0% used [0x00000000f5580000,0x00000000f5580000,0x00000000fd400000)
  from space 19968K, 78% used [0x00000000fec80000,0x00000000ffbe6a50,0x0000000100000000)
  to   space 22528K, 0% used [0x00000000fd400000,0x00000000fd400000,0x00000000fea00000)
 ParOldGen       total 115712K, used 32561K [0x00000000e0000000, 0x00000000e7100000, 0x00000000f5580000)
  object space 115712K, 28% used [0x00000000e0000000,0x00000000e1fcc680,0x00000000e7100000)
 Metaspace       used 47724K, capacity 48119K, committed 48552K, reserved 1091584K
  class space    used 6119K, capacity 6220K, committed 6312K, reserved 1048576K
}

